
  .   ____          _            __ _ _
 /\\ / ___'_ __ _ _(_)_ __  __ _ \ \ \ \
( ( )\___ | '_ | '_| | '_ \/ _` | \ \ \ \
 \\/  ___)| |_)| | | | | || (_| |  ) ) ) )
  '  |____| .__|_| |_|_| |_\__, | / / / /
 =========|_|==============|___/=/_/_/_/
 :: Spring Boot ::                (v2.4.3)

2021-02-25 14:52:20.108  INFO 57488 --- [           main] m.s.SpringBootAdminServerDemoApplication : Starting SpringBootAdminServerDemoApplication v1.0.0 using Java 11.0.8 on xuzeweideMacBook-Pro.local with PID 57488 (/Users/xuzewei/microprograms/spring-boot-admin-server-demo/target/spring-boot-admin-server-demo-1.0.0.jar started by xuzewei in /Users/xuzewei/microprograms/spring-boot-admin-server-demo)
2021-02-25 14:52:20.112  INFO 57488 --- [           main] m.s.SpringBootAdminServerDemoApplication : No active profile set, falling back to default profiles: default
2021-02-25 14:52:23.225  INFO 57488 --- [           main] o.s.b.w.embedded.tomcat.TomcatWebServer  : Tomcat initialized with port(s): 4608 (http)
2021-02-25 14:52:23.253  INFO 57488 --- [           main] o.apache.catalina.core.StandardService   : Starting service [Tomcat]
2021-02-25 14:52:23.254  INFO 57488 --- [           main] org.apache.catalina.core.StandardEngine  : Starting Servlet engine: [Apache Tomcat/9.0.43]
2021-02-25 14:52:23.413  INFO 57488 --- [           main] o.a.c.c.C.[Tomcat].[localhost].[/]       : Initializing Spring embedded WebApplicationContext
2021-02-25 14:52:23.413  INFO 57488 --- [           main] w.s.c.ServletWebServerApplicationContext : Root WebApplicationContext: initialization completed in 3152 ms
2021-02-25 14:52:24.498  INFO 57488 --- [           main] o.s.s.concurrent.ThreadPoolTaskExecutor  : Initializing ExecutorService 'applicationTaskExecutor'
2021-02-25 14:52:24.832  WARN 57488 --- [           main] ion$DefaultTemplateResolverConfiguration : Cannot find template location: classpath:/templates/ (please add some templates or check your Thymeleaf configuration)
2021-02-25 14:52:25.821  INFO 57488 --- [           main] o.s.b.a.e.web.EndpointLinksResolver      : Exposing 2 endpoint(s) beneath base path '/actuator'
2021-02-25 14:52:25.932  INFO 57488 --- [           main] o.s.b.w.embedded.tomcat.TomcatWebServer  : Tomcat started on port(s): 4608 (http) with context path ''
2021-02-25 14:52:25.991  INFO 57488 --- [           main] m.s.SpringBootAdminServerDemoApplication : Started SpringBootAdminServerDemoApplication in 6.957 seconds (JVM running for 8.11)
2021-02-25 14:53:09.249  INFO 57488 --- [nio-4608-exec-1] o.a.c.c.C.[Tomcat].[localhost].[/]       : Initializing Spring DispatcherServlet 'dispatcherServlet'
2021-02-25 14:53:09.250  INFO 57488 --- [nio-4608-exec-1] o.s.web.servlet.DispatcherServlet        : Initializing Servlet 'dispatcherServlet'
2021-02-25 14:53:09.257  INFO 57488 --- [nio-4608-exec-1] o.s.web.servlet.DispatcherServlet        : Completed initialization in 7 ms
